<?xml version="1.0" encoding="utf-8" standalone="no"?>
<!--This file represents the results of running a test suite-->
<test-results name="C:\Users\pengc\Documents\Git\AmazonTest\BaiduTest\bin\Debug\BaiduTest.dll" total="1" errors="0" failures="0" not-run="0" inconclusive="0" ignored="0" skipped="0" invalid="0" date="2018-09-08" time="18:13:22">
  <environment nunit-version="2.6.4.14350" clr-version="2.0.50727.8922" os-version="Microsoft Windows NT 6.2.9200.0" platform="Win32NT" cwd="C:\Users\pengc\Documents\Git\AmazonTest\BaiduTest\bin\Debug" machine-name="DESKTOP-JCBV484" user="pengc" user-domain="DESKTOP-JCBV484" />
  <culture-info current-culture="en-US" current-uiculture="en-US" />
  <test-suite type="Assembly" name="C:\Users\pengc\Documents\Git\AmazonTest\BaiduTest\bin\Debug\BaiduTest.dll" executed="True" result="Success" success="True" time="43.949" asserts="0">
    <results>
      <test-suite type="Namespace" name="BaiduTest" executed="True" result="Success" success="True" time="43.938" asserts="0">
        <results>
          <test-suite type="Namespace" name="TestCase" executed="True" result="Success" success="True" time="43.938" asserts="0">
            <results>
              <test-suite type="TestFixture" name="SmokeTest" executed="True" result="Success" success="True" time="43.938" asserts="0">
                <results>
                  <test-suite type="ParameterizedTest" name="VSTS000003" description="Test search function for baidu" executed="True" result="Success" success="True" time="43.934" asserts="0">
                    <results>
                      <test-case name="BaiduTest.TestCase.SmokeTest.VSTS000003(&quot;Aspen&quot;)" executed="True" result="Success" success="True" time="43.817" asserts="0" />
                    </results>
                  </test-suite>
                </results>
              </test-suite>
            </results>
          </test-suite>
        </results>
      </test-suite>
    </results>
  </test-suite>
</test-results>